<?xml version="1.0" encoding="UTF-8"?>
<testsuite xmlns:xsi="http://www.w3.org/2001/XMLSchema-instance" xsi:noNamespaceSchemaLocation="https://maven.apache.org/surefire/maven-surefire-plugin/xsd/surefire-test-report-3.0.xsd" version="3.0" name="com.timetracker.app.AppResolverTest" time="0.029" tests="4" errors="0" skipped="0" failures="0">
  <properties>
[...]
</properties>
  <testcase name="shouldRejectWhenBlacklisted" classname="com.timetracker.app.AppResolverTest" time="0.012"/>
  <testcase name="shouldApplyAliasWhenRuleMatches" classname="com.timetracker.app.AppResolverTest" time="0.002"/>
  <testcase name="shouldHashWindowTitleWhenEnabled" classname="com.timetracker.app.AppResolverTest" time="0.007"/>
  <testcase name="shouldRespectWhitelistWhenProvided" classname="com.timetracker.app.AppResolverTest" time="0.001"/>
</testsuite>